Using pre-set license
Built from '2020.3/staging' branch; Version is '2020.3.16f1 (049d6eca3c44) revision 302446'; Using compiler version '192528614'; Build Type 'Release'
OS: 'Windows 10 Pro; OS build 19042.1348; Version 2009; 64bit' Language: 'en' Physical Memory: 32677 MB
BatchMode: 1, IsHumanControllingUs: 0, StartBugReporterOnCrash: 0, Is64bit: 1, IsPro: 0

 COMMAND LINE ARGUMENTS:
C:\Program Files\Unity\Hub\Editor\2020.3.16f1\Editor\Unity.exe
-adb2
-batchMode
-noUpm
-name
AssetImportWorker0
-projectPath
C:/Users/Darth-Cranos/Documents/GitHub/Joulukalenteri_TheGame/Joulukalenteri-TheGame
-logFile
Logs/AssetImportWorker0.log
-srvPort
54184
Successfully changed project path to: C:/Users/Darth-Cranos/Documents/GitHub/Joulukalenteri_TheGame/Joulukalenteri-TheGame
C:/Users/Darth-Cranos/Documents/GitHub/Joulukalenteri_TheGame/Joulukalenteri-TheGame
Using Asset Import Pipeline V2.
Refreshing native plugins compatible for Editor in 70.23 ms, found 2 plugins.
Preloading 0 native plugins for Editor in 0.00 ms.
Initialize engine version: 2020.3.16f1 (049d6eca3c44)
[Subsystems] Discovering subsystems at path C:/Program Files/Unity/Hub/Editor/2020.3.16f1/Editor/Data/Resources/UnitySubsystems
[Subsystems] Discovering subsystems at path C:/Users/Darth-Cranos/Documents/GitHub/Joulukalenteri_TheGame/Joulukalenteri-TheGame/Assets
GfxDevice: creating device client; threaded=0
Direct3D:
    Version:  Direct3D 11.0 [level 11.1]
    Renderer: NVIDIA GeForce GTX 1080 (ID=0x1b80)
    Vendor:   
    VRAM:     8079 MB
    Driver:   30.0.14.9649
Shader 'Universal Render Pipeline/Particles/Lit': fallback shader 'Universal Render Pipeline/Particles/SimpleLit' not found
Initialize mono
Mono path[0] = 'C:/Program Files/Unity/Hub/Editor/2020.3.16f1/Editor/Data/Managed'
Mono path[1] = 'C:/Program Files/Unity/Hub/Editor/2020.3.16f1/Editor/Data/MonoBleedingEdge/lib/mono/unityjit'
Mono config path = 'C:/Program Files/Unity/Hub/Editor/2020.3.16f1/Editor/Data/MonoBleedingEdge/etc'
Using monoOptions --debugger-agent=transport=dt_socket,embedding=1,server=y,suspend=n,address=127.0.0.1:56928
Begin MonoManager ReloadAssembly
Registering precompiled unity dll's ...
Register platform support module: C:/Program Files/Unity/Hub/Editor/2020.3.16f1/Editor/Data/PlaybackEngines/WindowsStandaloneSupport/UnityEditor.WindowsStandalone.Extensions.dll
Registered in 0.006114 seconds.
Native extension for WindowsStandalone target not found
Refreshing native plugins compatible for Editor in 102.47 ms, found 2 plugins.
Preloading 0 native plugins for Editor in 0.00 ms.
Mono: successfully reloaded assembly
- Completed reload, in  2.429 seconds
Domain Reload Profiling:
	ReloadAssembly (2429ms)
		BeginReloadAssembly (139ms)
			ExecutionOrderSort (0ms)
			DisableScriptedObjects (0ms)
			BackupInstance (0ms)
			ReleaseScriptingObjects (0ms)
			CreateAndSetChildDomain (1ms)
		EndReloadAssembly (770ms)
			LoadAssemblies (137ms)
			RebuildTransferFunctionScriptingTraits (0ms)
			SetupTypeCache (308ms)
			ReleaseScriptCaches (0ms)
			RebuildScriptCaches (44ms)
			SetupLoadedEditorAssemblies (300ms)
				LogAssemblyErrors (0ms)
				InitializePlatformSupportModulesInManaged (5ms)
				SetLoadedEditorAssemblies (0ms)
				RefreshPlugins (103ms)
				BeforeProcessingInitializeOnLoad (29ms)
				ProcessInitializeOnLoadAttributes (125ms)
				ProcessInitializeOnLoadMethodAttributes (39ms)
				AfterProcessingInitializeOnLoad (0ms)
				EditorAssembliesLoaded (0ms)
			ExecutionOrderSort2 (0ms)
			AwakeInstancesAfterBackupRestoration (0ms)
Platform modules already initialized, skipping
Registering precompiled user dll's ...
Registered in 0.006493 seconds.
Begin MonoManager ReloadAssembly
Native extension for WindowsStandalone target not found
Refreshing native plugins compatible for Editor in 128.08 ms, found 2 plugins.
Preloading 0 native plugins for Editor in 0.00 ms.
Mono: successfully reloaded assembly
- Completed reload, in  2.241 seconds
Domain Reload Profiling:
	ReloadAssembly (2242ms)
		BeginReloadAssembly (253ms)
			ExecutionOrderSort (0ms)
			DisableScriptedObjects (7ms)
			BackupInstance (0ms)
			ReleaseScriptingObjects (0ms)
			CreateAndSetChildDomain (32ms)
		EndReloadAssembly (1832ms)
			LoadAssemblies (225ms)
			RebuildTransferFunctionScriptingTraits (0ms)
			SetupTypeCache (548ms)
			ReleaseScriptCaches (1ms)
			RebuildScriptCaches (83ms)
			SetupLoadedEditorAssemblies (790ms)
				LogAssemblyErrors (0ms)
				InitializePlatformSupportModulesInManaged (13ms)
				SetLoadedEditorAssemblies (1ms)
				RefreshPlugins (128ms)
				BeforeProcessingInitializeOnLoad (190ms)
				ProcessInitializeOnLoadAttributes (439ms)
				ProcessInitializeOnLoadMethodAttributes (7ms)
				AfterProcessingInitializeOnLoad (11ms)
				EditorAssembliesLoaded (0ms)
			ExecutionOrderSort2 (0ms)
			AwakeInstancesAfterBackupRestoration (9ms)
Platform modules already initialized, skipping
========================================================================
Worker process is ready to serve import requests
Shader 'Universal Render Pipeline/Particles/Lit': fallback shader 'Universal Render Pipeline/Particles/SimpleLit' not found
Launched and connected shader compiler UnityShaderCompiler.exe after 0.14 seconds
Refreshing native plugins compatible for Editor in 0.96 ms, found 2 plugins.
Preloading 0 native plugins for Editor in 0.00 ms.
Unloading 2799 Unused Serialized files (Serialized files now loaded: 0)
System memory in use before: 129.2 MB.
System memory in use after: 129.4 MB.

Unloading 19 unused Assets to reduce memory usage. Loaded Objects now: 3233.
Total: 4.695700 ms (FindLiveObjects: 0.382000 ms CreateObjectMapping: 0.174600 ms MarkObjects: 4.021700 ms  DeleteObjects: 0.115800 ms)

AssetImportParameters requested are different than current active one (requested -> active):
  requireTextureImportCompression: false -> true
  custom:framework-win-MediaFoundation: 216162199b28c13a410421893ffa2e32 -> 
  custom:video-decoder-ogg-theora: a1e56fd34408186e4bbccfd4996cb3dc -> 
  custom:container-muxer-webm: aa71ff27fc2769a1b78a27578f13a17b -> 
  custom:container-demuxer-webm: 4f35f7cbe854078d1ac9338744f61a02 -> 
  custom:container-demuxer-ogg: 62fdf1f143b41e24485cea50d1cbac27 -> 
  custom:video-encoder-webm-vp8: eb34c28f22e8b96e1ab97ce403110664 -> 
  custom:video-decoder-webm-vp8: 9c59270c3fd7afecdb556c50c9e8de78 -> 
  custom:audio-decoder-ogg-vorbis: bf7c407c2cedff20999df2af8eb42d56 -> 
  custom:audio-encoder-webm-vorbis: bf7c407c2cedff20999df2af8eb42d56 -> 
========================================================================
Received Import Request.
  path: Assets/Graphics/UI/UI 2.png
  artifactKey: Guid(5c6a3790b86f2e742b06bc50d36d36a4) Importer(815301076,1909f56bfc062723c751e8b465ee728b)
Start importing Assets/Graphics/UI/UI 2.png using Guid(5c6a3790b86f2e742b06bc50d36d36a4) Importer(815301076,1909f56bfc062723c751e8b465ee728b)  -> (artifact id: 'cb28fe1359b611410dc402ab280e4425') in 0.297214 seconds 
  Import took 0.310980 seconds .

========================================================================
Received Import Request.
  Time since last request: 0.000473 seconds.
  path: Assets/Graphics/UI
  artifactKey: Guid(5bb6a3d85eafd624ca3ed22d92935b12) Importer(815301076,1909f56bfc062723c751e8b465ee728b)
Start importing Assets/Graphics/UI using Guid(5bb6a3d85eafd624ca3ed22d92935b12) Importer(815301076,1909f56bfc062723c751e8b465ee728b)  -> (artifact id: '6982dd3f754d4539c75f12c84befe519') in 0.017585 seconds 
  Import took 0.026321 seconds .

========================================================================
Received Import Request.
  Time since last request: 0.000333 seconds.
  path: Assets/Graphics/UI/UI 1.png
  artifactKey: Guid(fbf72aad2012ec94ebfbc8eb032e0c67) Importer(815301076,1909f56bfc062723c751e8b465ee728b)
Start importing Assets/Graphics/UI/UI 1.png using Guid(fbf72aad2012ec94ebfbc8eb032e0c67) Importer(815301076,1909f56bfc062723c751e8b465ee728b)  -> (artifact id: '967b22d49a2a749ef819dd62cc2f0d1d') in 0.056421 seconds 
  Import took 0.061952 seconds .

========================================================================
Received Import Request.
  Time since last request: 31.535824 seconds.
  path: Assets/Graphics/PlaceHolder
  artifactKey: Guid(061955c2697474dae810201b4b9178df) Importer(815301076,1909f56bfc062723c751e8b465ee728b)
Start importing Assets/Graphics/PlaceHolder using Guid(061955c2697474dae810201b4b9178df) Importer(815301076,1909f56bfc062723c751e8b465ee728b)  -> (artifact id: '068e55725d264264a63a4648a85a98db') in 0.007968 seconds 
  Import took 0.013933 seconds .

========================================================================
Received Import Request.
  Time since last request: 0.084220 seconds.
  path: Assets/Graphics/PlaceHolder/download-free-red-arrow-png-images-227506.png
  artifactKey: Guid(fb0f19f2042694bfc8f76791dbddb1ec) Importer(815301076,1909f56bfc062723c751e8b465ee728b)
Start importing Assets/Graphics/PlaceHolder/download-free-red-arrow-png-images-227506.png using Guid(fb0f19f2042694bfc8f76791dbddb1ec) Importer(815301076,1909f56bfc062723c751e8b465ee728b)  -> (artifact id: '93924753c1dbedae99a5bdf760a52a29') in 0.039333 seconds 
  Import took 0.050881 seconds .

========================================================================
Received Import Request.
  Time since last request: 0.000703 seconds.
  path: Assets/Graphics/PlaceHolder/transparent-christmas-day-5f777694ee6372.6628548316016646609765.png
  artifactKey: Guid(1dbfc6e459b8f4d4eb93a6a9912f3a09) Importer(815301076,1909f56bfc062723c751e8b465ee728b)
Start importing Assets/Graphics/PlaceHolder/transparent-christmas-day-5f777694ee6372.6628548316016646609765.png using Guid(1dbfc6e459b8f4d4eb93a6a9912f3a09) Importer(815301076,1909f56bfc062723c751e8b465ee728b)  -> (artifact id: '5bbf2ad1840463f1ce6c087359cea425') in 0.036858 seconds 
  Import took 0.045148 seconds .

========================================================================
Received Import Request.
  Time since last request: 0.000253 seconds.
  path: Assets/Graphics/PlaceHolder/dudeInBarrel.jpg
  artifactKey: Guid(1e107b2a66cb844389942826a84f8365) Importer(815301076,1909f56bfc062723c751e8b465ee728b)
Start importing Assets/Graphics/PlaceHolder/dudeInBarrel.jpg using Guid(1e107b2a66cb844389942826a84f8365) Importer(815301076,1909f56bfc062723c751e8b465ee728b)  -> (artifact id: '666fc1ad7e404e694a6df0098db6df0a') in 0.043331 seconds 
  Import took 0.049019 seconds .

========================================================================
Received Import Request.
  Time since last request: 0.000231 seconds.
  path: Assets/Graphics/PlaceHolder/kisspng-computer-icons-christmas-gift-clip-art-5af5f9a62d5d18.8629737415260696701858.png
  artifactKey: Guid(1774990debb00409ebe353325e89a9d2) Importer(815301076,1909f56bfc062723c751e8b465ee728b)
Start importing Assets/Graphics/PlaceHolder/kisspng-computer-icons-christmas-gift-clip-art-5af5f9a62d5d18.8629737415260696701858.png using Guid(1774990debb00409ebe353325e89a9d2) Importer(815301076,1909f56bfc062723c751e8b465ee728b)  -> (artifact id: '855f62de2a48d4a80bcb2964f2c5404e') in 0.029841 seconds 
  Import took 0.034733 seconds .

========================================================================
Received Import Request.
  Time since last request: 0.000231 seconds.
  path: Assets/Graphics/PlaceHolder/transparent-sled-icon-logo-6045ae8ca80a49.5392179216151794046883.png
  artifactKey: Guid(b59d83d14d0034fea842daf9df469b28) Importer(815301076,1909f56bfc062723c751e8b465ee728b)
Start importing Assets/Graphics/PlaceHolder/transparent-sled-icon-logo-6045ae8ca80a49.5392179216151794046883.png using Guid(b59d83d14d0034fea842daf9df469b28) Importer(815301076,1909f56bfc062723c751e8b465ee728b)  -> (artifact id: '9b9635108a66bad855da012f3f0f446d') in 0.025198 seconds 
  Import took 0.030178 seconds .

========================================================================
Received Import Request.
  Time since last request: 0.000225 seconds.
  path: Assets/Graphics/PlaceHolder/kisspng-computer-icons-christmas-gift-clip-art-5af5f9a62d5d18.8629737415260696701858.png
  artifactKey: Guid(1774990debb00409ebe353325e89a9d2) Importer(815301076,1909f56bfc062723c751e8b465ee728b)
Start importing Assets/Graphics/PlaceHolder/kisspng-computer-icons-christmas-gift-clip-art-5af5f9a62d5d18.8629737415260696701858.png using Guid(1774990debb00409ebe353325e89a9d2) Importer(815301076,1909f56bfc062723c751e8b465ee728b)  -> (artifact id: '855f62de2a48d4a80bcb2964f2c5404e') in 0.018582 seconds 
  Import took 0.023467 seconds .

========================================================================
Received Import Request.
  Time since last request: 0.000193 seconds.
  path: Assets/Graphics/PlaceHolder/transparent-happy-new-year-2022-2022-new-year-2022-61690d4cc8af62.089820461634274636822.png
  artifactKey: Guid(845060471ee9449f0b362c4ef8c76661) Importer(815301076,1909f56bfc062723c751e8b465ee728b)
Start importing Assets/Graphics/PlaceHolder/transparent-happy-new-year-2022-2022-new-year-2022-61690d4cc8af62.089820461634274636822.png using Guid(845060471ee9449f0b362c4ef8c76661) Importer(815301076,1909f56bfc062723c751e8b465ee728b)  -> (artifact id: '0632e0ca4eee99b7cd2ccd2efc7f1507') in 0.033059 seconds 
  Import took 0.038102 seconds .

========================================================================
Received Import Request.
  Time since last request: 0.000205 seconds.
  path: Assets/Graphics/PlaceHolder/kisspng-santa-claus-free-christmas-day-vector-graphics-5c0ba5e5ca05f8.8621005615442672378275.png
  artifactKey: Guid(eb0988351c2014ee4bccd8ec48c9f558) Importer(815301076,1909f56bfc062723c751e8b465ee728b)
Start importing Assets/Graphics/PlaceHolder/kisspng-santa-claus-free-christmas-day-vector-graphics-5c0ba5e5ca05f8.8621005615442672378275.png using Guid(eb0988351c2014ee4bccd8ec48c9f558) Importer(815301076,1909f56bfc062723c751e8b465ee728b)  -> (artifact id: '681282d1dc97c289f2a62fc81c8786bb') in 0.032258 seconds 
  Import took 0.037127 seconds .

========================================================================
Received Import Request.
  Time since last request: 6.594936 seconds.
  path: Assets/Graphics/Terrain Test
  artifactKey: Guid(507fcf67c30000a4ea129e9900d558b8) Importer(815301076,1909f56bfc062723c751e8b465ee728b)
Start importing Assets/Graphics/Terrain Test using Guid(507fcf67c30000a4ea129e9900d558b8) Importer(815301076,1909f56bfc062723c751e8b465ee728b)  -> (artifact id: '87162823b075ab5c33bb1dae3023bee5') in 0.011106 seconds 
  Import took 0.017599 seconds .

========================================================================
Received Import Request.
  Time since last request: 0.069456 seconds.
  path: Assets/Graphics/Terrain Test/Snow 2 rough.png
  artifactKey: Guid(4d79164938b8ec34a8ea1084079d9412) Importer(815301076,1909f56bfc062723c751e8b465ee728b)
Start importing Assets/Graphics/Terrain Test/Snow 2 rough.png using Guid(4d79164938b8ec34a8ea1084079d9412) Importer(815301076,1909f56bfc062723c751e8b465ee728b)  -> (artifact id: 'cf0bb3c44f2f66e10d0ad1c8519c16d0') in 0.122473 seconds 
  Import took 0.132952 seconds .

========================================================================
Received Import Request.
  Time since last request: 0.000260 seconds.
  path: Assets/Graphics/Terrain Test/Snow 2.png
  artifactKey: Guid(afb01d9166f1a7e4f977525f9f6eecb1) Importer(815301076,1909f56bfc062723c751e8b465ee728b)
Start importing Assets/Graphics/Terrain Test/Snow 2.png using Guid(afb01d9166f1a7e4f977525f9f6eecb1) Importer(815301076,1909f56bfc062723c751e8b465ee728b)  -> (artifact id: 'b8ff4bd66307c75321ca69aad99eb24d') in 0.058245 seconds 
  Import took 0.066515 seconds .

========================================================================
Received Import Request.
  Time since last request: 0.000302 seconds.
  path: Assets/Graphics/Terrain Test/Terrain Test.fbx
  artifactKey: Guid(d9e289387419add49a78faddb24162ee) Importer(815301076,1909f56bfc062723c751e8b465ee728b)
Start importing Assets/Graphics/Terrain Test/Terrain Test.fbx using Guid(d9e289387419add49a78faddb24162ee) Importer(815301076,1909f56bfc062723c751e8b465ee728b)  -> (artifact id: 'cfe4c5bfdfd99428aab33d445e2cf62a') in 0.328227 seconds 
  Import took 0.336992 seconds .

========================================================================
Received Import Request.
  Time since last request: 4.971989 seconds.
  path: Assets/Graphics/Gifts
  artifactKey: Guid(9b1e06f067e51cc4eba65a61ded088c5) Importer(815301076,1909f56bfc062723c751e8b465ee728b)
Start importing Assets/Graphics/Gifts using Guid(9b1e06f067e51cc4eba65a61ded088c5) Importer(815301076,1909f56bfc062723c751e8b465ee728b)  -> (artifact id: 'ee9b1eda519516fe5e546898160b45f8') in 0.007553 seconds 
  Import took 0.013949 seconds .

========================================================================
Received Import Request.
  Time since last request: 0.035424 seconds.
  path: Assets/Graphics/Gifts/Gift Color 1.png
  artifactKey: Guid(016a3c70c92323c428dbcb1e388b8e99) Importer(815301076,1909f56bfc062723c751e8b465ee728b)
Start importing Assets/Graphics/Gifts/Gift Color 1.png using Guid(016a3c70c92323c428dbcb1e388b8e99) Importer(815301076,1909f56bfc062723c751e8b465ee728b)  -> (artifact id: 'a44ed1c72569ec744e02cc80c03cdbdd') in 0.027179 seconds 
  Import took 0.032815 seconds .

========================================================================
Received Import Request.
  Time since last request: 0.000317 seconds.
  path: Assets/Graphics/Gifts/Gift Color 2.png
  artifactKey: Guid(15fb00c96035fe744907838e26998eb6) Importer(815301076,1909f56bfc062723c751e8b465ee728b)
Start importing Assets/Graphics/Gifts/Gift Color 2.png using Guid(15fb00c96035fe744907838e26998eb6) Importer(815301076,1909f56bfc062723c751e8b465ee728b)  -> (artifact id: 'a76815583803f3f69d05c976df251e47') in 0.035803 seconds 
  Import took 0.044000 seconds .

========================================================================
Received Import Request.
  Time since last request: 0.000351 seconds.
  path: Assets/Graphics/Gifts/Gift.fbx
  artifactKey: Guid(5a1f749124734744e989e9a62d740275) Importer(815301076,1909f56bfc062723c751e8b465ee728b)
Start importing Assets/Graphics/Gifts/Gift.fbx using Guid(5a1f749124734744e989e9a62d740275) Importer(815301076,1909f56bfc062723c751e8b465ee728b)  -> (artifact id: '249345d34f9aec92f1ce971c18617007') in 0.022334 seconds 
  Import took 0.027515 seconds .

========================================================================
Received Import Request.
  Time since last request: 0.000201 seconds.
  path: Assets/Graphics/Gifts/Gift Color 3.png
  artifactKey: Guid(dc3d7bc6370b56e45b6a79e6186b2209) Importer(815301076,1909f56bfc062723c751e8b465ee728b)
Start importing Assets/Graphics/Gifts/Gift Color 3.png using Guid(dc3d7bc6370b56e45b6a79e6186b2209) Importer(815301076,1909f56bfc062723c751e8b465ee728b)  -> (artifact id: '960a910bf88ccd38060cb0056256421d') in 0.030953 seconds 
  Import took 0.035904 seconds .

========================================================================
Received Import Request.
  Time since last request: 5.671813 seconds.
  path: Assets/Graphics/Pine Tree
  artifactKey: Guid(02831e1a7081b8043a8d70eef18ee2bd) Importer(815301076,1909f56bfc062723c751e8b465ee728b)
Start importing Assets/Graphics/Pine Tree using Guid(02831e1a7081b8043a8d70eef18ee2bd) Importer(815301076,1909f56bfc062723c751e8b465ee728b)  -> (artifact id: '92508ac3a22c4ea988b34a37f74d943c') in 0.007538 seconds 
  Import took 0.013751 seconds .

========================================================================
Received Import Request.
  Time since last request: 0.046767 seconds.
  path: Assets/Graphics/Pine Tree/Pine Tree 1.fbx
  artifactKey: Guid(bf99fb739c5d0f64cad89e1fc452d498) Importer(815301076,1909f56bfc062723c751e8b465ee728b)
Start importing Assets/Graphics/Pine Tree/Pine Tree 1.fbx using Guid(bf99fb739c5d0f64cad89e1fc452d498) Importer(815301076,1909f56bfc062723c751e8b465ee728b)  -> (artifact id: '9535bf344972400f8d1ee367aec7bf3a') in 0.062596 seconds 
  Import took 0.070402 seconds .

========================================================================
Received Import Request.
  Time since last request: 0.000261 seconds.
  path: Assets/Graphics/Pine Tree/Pine tree color.png
  artifactKey: Guid(a212654bc650cf049a048248f6959359) Importer(815301076,1909f56bfc062723c751e8b465ee728b)
Start importing Assets/Graphics/Pine Tree/Pine tree color.png using Guid(a212654bc650cf049a048248f6959359) Importer(815301076,1909f56bfc062723c751e8b465ee728b)  -> (artifact id: '42de36db14c91cdcfc3afef9d2949761') in 0.028648 seconds 
  Import took 0.033662 seconds .

========================================================================
Received Import Request.
  Time since last request: 0.000260 seconds.
  path: Assets/Graphics/Pine Tree/Pine tree rougness.png
  artifactKey: Guid(10b44363767eddb4eb946b2751421721) Importer(815301076,1909f56bfc062723c751e8b465ee728b)
Start importing Assets/Graphics/Pine Tree/Pine tree rougness.png using Guid(10b44363767eddb4eb946b2751421721) Importer(815301076,1909f56bfc062723c751e8b465ee728b)  -> (artifact id: '76c5307f9653a1a5073b30b407698cdf') in 0.033482 seconds 
  Import took 0.038471 seconds .

========================================================================
Received Import Request.
  Time since last request: 0.000201 seconds.
  path: Assets/Graphics/Pine Tree/Pine tree color.png
  artifactKey: Guid(a212654bc650cf049a048248f6959359) Importer(815301076,1909f56bfc062723c751e8b465ee728b)
Start importing Assets/Graphics/Pine Tree/Pine tree color.png using Guid(a212654bc650cf049a048248f6959359) Importer(815301076,1909f56bfc062723c751e8b465ee728b)  -> (artifact id: '42de36db14c91cdcfc3afef9d2949761') in 0.023357 seconds 
  Import took 0.028549 seconds .

========================================================================
Received Import Request.
  Time since last request: 105.370718 seconds.
  path: Assets/Prefabs/DataHolder.prefab
  artifactKey: Guid(eddaaa28330b64db0b902dcac50ef162) Importer(815301076,1909f56bfc062723c751e8b465ee728b)
Start importing Assets/Prefabs/DataHolder.prefab using Guid(eddaaa28330b64db0b902dcac50ef162) Importer(815301076,1909f56bfc062723c751e8b465ee728b)  -> (artifact id: 'e1a9b323cec2e5904360c8c24eec0927') in 0.013705 seconds 
  Import took 0.019864 seconds .

========================================================================
Received Import Request.
  Time since last request: 0.000282 seconds.
  path: Assets/Prefabs/TargetIndicator.prefab
  artifactKey: Guid(18703124cfe4d4437a46170ec26ce318) Importer(815301076,1909f56bfc062723c751e8b465ee728b)
Start importing Assets/Prefabs/TargetIndicator.prefab using Guid(18703124cfe4d4437a46170ec26ce318) Importer(815301076,1909f56bfc062723c751e8b465ee728b)  -> (artifact id: '655b448d51e0537b6d9b45ff679cf55e') in 0.018395 seconds 
  Import took 0.024378 seconds .

========================================================================
Received Import Request.
  Time since last request: 0.000236 seconds.
  path: Assets/Prefabs/Gift 1.prefab
  artifactKey: Guid(bcea9305372707d4db942f872961f6cd) Importer(815301076,1909f56bfc062723c751e8b465ee728b)
Start importing Assets/Prefabs/Gift 1.prefab using Guid(bcea9305372707d4db942f872961f6cd) Importer(815301076,1909f56bfc062723c751e8b465ee728b)  -> (artifact id: 'e0daf03f708e0cb17cf434f3917f77f0') in 0.030706 seconds 
  Import took 0.036125 seconds .

========================================================================
Received Import Request.
  Time since last request: 176.751597 seconds.
  path: Assets/Prefabs/Presents
  artifactKey: Guid(2c7e0210424cd4d3f9c1e1700d51a04f) Importer(815301076,1909f56bfc062723c751e8b465ee728b)
Start importing Assets/Prefabs/Presents using Guid(2c7e0210424cd4d3f9c1e1700d51a04f) Importer(815301076,1909f56bfc062723c751e8b465ee728b)  -> (artifact id: 'e21ed94b7f443481a10cedae06773063') in 0.008193 seconds 
  Import took 0.015159 seconds .

========================================================================
Received Import Request.
  Time since last request: 0.105941 seconds.
  path: Assets/Prefabs/Presents/DayFourPresent.prefab
  artifactKey: Guid(4a004da0b3e93413db2678ac8935de1b) Importer(815301076,1909f56bfc062723c751e8b465ee728b)
Start importing Assets/Prefabs/Presents/DayFourPresent.prefab using Guid(4a004da0b3e93413db2678ac8935de1b) Importer(815301076,1909f56bfc062723c751e8b465ee728b)  -> (artifact id: '88eb8346a800f09e0adbeaa34e8ee743') in 0.144213 seconds 
  Import took 0.156061 seconds .

========================================================================
Received Import Request.
  Time since last request: 0.000411 seconds.
  path: Assets/Prefabs/Presents/DayOnePresent.prefab
  artifactKey: Guid(133bb036b8be3422ea8316079dca735b) Importer(815301076,1909f56bfc062723c751e8b465ee728b)
Start importing Assets/Prefabs/Presents/DayOnePresent.prefab using Guid(133bb036b8be3422ea8316079dca735b) Importer(815301076,1909f56bfc062723c751e8b465ee728b)  -> (artifact id: '04d30c436e2c00a8a5693cecc3be1e11') in 0.079876 seconds 
  Import took 0.087059 seconds .

========================================================================
Received Import Request.
  Time since last request: 0.000385 seconds.
  path: Assets/Prefabs/Presents/DayThreePresent.prefab
  artifactKey: Guid(2327d36fcf33245eaac8f2a7aed994cd) Importer(815301076,1909f56bfc062723c751e8b465ee728b)
Start importing Assets/Prefabs/Presents/DayThreePresent.prefab using Guid(2327d36fcf33245eaac8f2a7aed994cd) Importer(815301076,1909f56bfc062723c751e8b465ee728b)  -> (artifact id: '082eb8c5e2edb4a310073ad22d9d3f10') in 0.075124 seconds 
  Import took 0.081282 seconds .

========================================================================
Received Import Request.
  Time since last request: 0.000278 seconds.
  path: Assets/Prefabs/Presents/DayTwoPresent.prefab
  artifactKey: Guid(3cf9656de81b0458fbe9dc3fdadd8b9d) Importer(815301076,1909f56bfc062723c751e8b465ee728b)
Start importing Assets/Prefabs/Presents/DayTwoPresent.prefab using Guid(3cf9656de81b0458fbe9dc3fdadd8b9d) Importer(815301076,1909f56bfc062723c751e8b465ee728b)  -> (artifact id: '81e8eafe8599ce981dd261c04a9707be') in 0.083069 seconds 
  Import took 0.089811 seconds .

========================================================================
Received Import Request.
  Time since last request: 250.577240 seconds.
  path: Assets/Graphics/UI/UI 1.png
  artifactKey: Guid(fbf72aad2012ec94ebfbc8eb032e0c67) Importer(815301076,1909f56bfc062723c751e8b465ee728b)
Start importing Assets/Graphics/UI/UI 1.png using Guid(fbf72aad2012ec94ebfbc8eb032e0c67) Importer(815301076,1909f56bfc062723c751e8b465ee728b)  -> (artifact id: '57735113b0cd49abf41b16a6da8e4c12') in 0.043785 seconds 
  Import took 0.051944 seconds .

========================================================================
Received Import Request.
  Time since last request: 6.239599 seconds.
  path: Assets/Graphics/UI/UI 1.png
  artifactKey: Guid(fbf72aad2012ec94ebfbc8eb032e0c67) Importer(815301076,1909f56bfc062723c751e8b465ee728b)
Start importing Assets/Graphics/UI/UI 1.png using Guid(fbf72aad2012ec94ebfbc8eb032e0c67) Importer(815301076,1909f56bfc062723c751e8b465ee728b)  -> (artifact id: '39f5ddd58366579172376935c158e6c7') in 0.054260 seconds 
  Import took 0.061043 seconds .

